Downloading `prism-dinosiglip-224px+7b from HF Hub
Found Config =>> Loading & Freezing [bold blue]prism-dinosiglip-224px+7b[/] with:
             Vision Backbone =>> [bold]dinosiglip-vit-so-224px[/]
             LLM Backbone    =>> [bold]llama2-7b-pure[/]
             Arch Specifier  =>> [bold]no-align+fused-gelu-mlp[/]
             Checkpoint Path =>> [underline]`./hub/models--TRI-ML--prismatic-vlms/snapshots/a3ba8a19c453a82eaf5a3fb1e699dd9e441f0a12/prism-dinosiglip-224px+7b/checkpoints/latest-checkpoint.pt`[/]
Loading Vision Backbone [bold]dinosiglip-vit-so-224px[/]
02/08 [09:16:53] INFO     | >> Loading pretrained weights from   _builder.py:186
                          Hugging Face hub
                          (timm/vit_large_patch14_reg4_dinov2.lv
                          d142m)
                 INFO     | >>  Safe alternative available for       _hub.py:180
                          'pytorch_model.bin' (as
                          'model.safetensors'). Loading weights
                          using safetensors.
                 INFO     | >> Resized position embedding: (37,  pos_embed.py:55
                          37) to (16, 16).
02/08 [09:16:59] INFO     | >> Loading pretrained weights from   _builder.py:186
                          Hugging Face hub
                          (('timm/ViT-SO400M-14-SigLIP',
                          'open_clip_pytorch_model.bin'))
                 INFO     | >>  Safe alternative available for       _hub.py:180
                          'open_clip_pytorch_model.bin' (as
                          'open_clip_model.safetensors'). Loading
                          weights using safetensors.
Loading Pretrained LLM [bold]llama2-7b-pure[/] via HF Transformers
Loading checkpoint shards: 100%|██████████| 2/2 [00:10<00:00,  5.37s/it]
Loading VLM [bold blue]prism-dinosiglip-224px+7b[/] from Checkpoint
Rank 3 has 7541237184 parameters
Traceback (most recent call last):
  File "/users/sgyson10/volatile/miniconda3/envs/openvln/lib/python3.8/site-packages/peft/tuners/lora/model.py", line 360, in __getattr__
    return super().__getattr__(name)  # defer to nn.Module's logic
  File "/users/sgyson10/volatile/miniconda3/envs/openvln/lib/python3.8/site-packages/torch/nn/modules/module.py", line 1695, in __getattr__
    raise AttributeError(f"'{type(self).__name__}' object has no attribute '{name}'")
AttributeError: 'LoraModel' object has no attribute 'prepare_inputs_for_generation'

During handling of the above exception, another exception occurred:

Traceback (most recent call last):
  File "run.py", line 105, in <module>
    main()
  File "run.py", line 55, in main
    run_exp(**vars(args))
  File "run.py", line 97, in run_exp
    trainer.train()
  File "/mnt/data1/users/sgyson10/diffuser_navigator/diffuser_baselines/openvln_trainer.py", line 876, in train
    self._initialize_policy(
  File "/mnt/data1/users/sgyson10/diffuser_navigator/diffuser_baselines/openvln_trainer.py", line 1097, in _initialize_policy
    self.policy = get_peft_model(self.policy, self.lora_config)
  File "/users/sgyson10/volatile/miniconda3/envs/openvln/lib/python3.8/site-packages/peft/mapping.py", line 193, in get_peft_model
    return MODEL_TYPE_TO_PEFT_MODEL_MAPPING[peft_config.task_type](
  File "/users/sgyson10/volatile/miniconda3/envs/openvln/lib/python3.8/site-packages/peft/peft_model.py", line 1610, in __init__
    self.base_model_prepare_inputs_for_generation = self.base_model.prepare_inputs_for_generation
  File "/users/sgyson10/volatile/miniconda3/envs/openvln/lib/python3.8/site-packages/peft/tuners/lora/model.py", line 364, in __getattr__
    return getattr(self.model, name)
  File "/users/sgyson10/volatile/miniconda3/envs/openvln/lib/python3.8/site-packages/torch/nn/modules/module.py", line 1695, in __getattr__
    raise AttributeError(f"'{type(self).__name__}' object has no attribute '{name}'")
AttributeError: 'OpenVLNPolicy' object has no attribute 'prepare_inputs_for_generation'
